0 info it worked if it ends with ok
1 verbose cli [ '/usr/bin/node',
1 verbose cli   '/usr/bin/npm',
1 verbose cli   'i',
1 verbose cli   '-g',
1 verbose cli   'nodemon1.2.1',
1 verbose cli   '--save' ]
2 info using npm@1.4.28
3 info using node@v0.10.34
4 verbose node symlink /usr/bin/node
5 verbose cache add [ 'nodemon1.2.1', null ]
6 verbose cache add name=undefined spec="nodemon1.2.1" args=["nodemon1.2.1",null]
7 verbose parsed url { protocol: null,
7 verbose parsed url   slashes: null,
7 verbose parsed url   auth: null,
7 verbose parsed url   host: null,
7 verbose parsed url   port: null,
7 verbose parsed url   hostname: null,
7 verbose parsed url   hash: null,
7 verbose parsed url   search: null,
7 verbose parsed url   query: null,
7 verbose parsed url   pathname: 'nodemon1.2.1',
7 verbose parsed url   path: 'nodemon1.2.1',
7 verbose parsed url   href: 'nodemon1.2.1' }
8 silly lockFile a83d7827-nodemon1-2-1 nodemon1.2.1
9 verbose lock nodemon1.2.1 /home/gfofdirtbag/.npm/a83d7827-nodemon1-2-1.lock
10 silly lockFile a83d7827-nodemon1-2-1 nodemon1.2.1
11 silly lockFile a83d7827-nodemon1-2-1 nodemon1.2.1
12 verbose addNamed [ 'nodemon1.2.1', '' ]
13 verbose addNamed [ null, '*' ]
14 silly lockFile 576e5c4f-nodemon1-2-1 nodemon1.2.1@
15 verbose lock nodemon1.2.1@ /home/gfofdirtbag/.npm/576e5c4f-nodemon1-2-1.lock
16 silly addNameRange { name: 'nodemon1.2.1', range: '*', hasData: false }
17 verbose request where is /nodemon1.2.1
18 verbose request registry https://registry.npmjs.org/
19 verbose request id fcafecc7fd205e7f
20 verbose url raw /nodemon1.2.1
21 verbose url resolving [ 'https://registry.npmjs.org/', './nodemon1.2.1' ]
22 verbose url resolved https://registry.npmjs.org/nodemon1.2.1
23 verbose request where is https://registry.npmjs.org/nodemon1.2.1
24 info trying registry request attempt 1 at 03:52:32
25 http GET https://registry.npmjs.org/nodemon1.2.1
26 http 404 https://registry.npmjs.org/nodemon1.2.1
27 verbose headers { date: 'Mon, 22 Dec 2014 11:52:32 GMT',
27 verbose headers   server: 'CouchDB/1.5.0 (Erlang OTP/R16B03)',
27 verbose headers   'content-type': 'application/json',
27 verbose headers   'cache-control': 'max-age=0',
27 verbose headers   'content-length': '52',
27 verbose headers   'accept-ranges': 'bytes',
27 verbose headers   via: '1.1 varnish',
27 verbose headers   age: '0',
27 verbose headers   'x-served-by': 'cache-lax1428-LAX',
27 verbose headers   'x-cache': 'MISS',
27 verbose headers   'x-cache-hits': '0',
27 verbose headers   'x-timer': 'S1419249152.288434,VS0,VE310',
27 verbose headers   'keep-alive': 'timeout=10, max=50',
27 verbose headers   connection: 'Keep-Alive' }
28 silly registry.get cb [ 404,
28 silly registry.get   { date: 'Mon, 22 Dec 2014 11:52:32 GMT',
28 silly registry.get     server: 'CouchDB/1.5.0 (Erlang OTP/R16B03)',
28 silly registry.get     'content-type': 'application/json',
28 silly registry.get     'cache-control': 'max-age=0',
28 silly registry.get     'content-length': '52',
28 silly registry.get     'accept-ranges': 'bytes',
28 silly registry.get     via: '1.1 varnish',
28 silly registry.get     age: '0',
28 silly registry.get     'x-served-by': 'cache-lax1428-LAX',
28 silly registry.get     'x-cache': 'MISS',
28 silly registry.get     'x-cache-hits': '0',
28 silly registry.get     'x-timer': 'S1419249152.288434,VS0,VE310',
28 silly registry.get     'keep-alive': 'timeout=10, max=50',
28 silly registry.get     connection: 'Keep-Alive' } ]
29 silly lockFile 576e5c4f-nodemon1-2-1 nodemon1.2.1@
30 silly lockFile 576e5c4f-nodemon1-2-1 nodemon1.2.1@
31 error 404 404 Not Found: nodemon1.2.1
31 error 404
31 error 404 'nodemon1.2.1' is not in the npm registry.
31 error 404 You should bug the author to publish it
31 error 404
31 error 404 Note that you can also install from a
31 error 404 tarball, folder, or http url, or git url.
32 error System Linux 3.13.0-43-generic
33 error command "/usr/bin/node" "/usr/bin/npm" "i" "-g" "nodemon1.2.1" "--save"
34 error cwd /home/gfofdirtbag/Projects/Portfolio
35 error node -v v0.10.34
36 error npm -v 1.4.28
37 error code E404
38 verbose exit [ 1, true ]
